<?xml version="1.0" encoding="UTF-8"?>
<!-- Generated by org.testng.reporters.JUnitReportReporter -->
<testsuite skipped="0" hostname="Compaq510" name="Test.GetAPITest" tests="1" failures="0" timestamp="2021-05-24T22:15:52 IST" time="1.951" errors="0">
  <testcase name="getTest" time="1.951" classname="Test.GetAPITest"/>
  <system-out/>
</testsuite> <!-- Test.GetAPITest -->
